'2022.08.19T14:49:38.811 yes
  [0]  yes 
       ^
'2022.08.19T14:49:38.811 .log4q.INFO
'2022.08.19T14:49:40.595 .log4q.INFO
'2022.08.19T14:49:40.596 type
'2022.08.19T14:49:42.597 type
'2022.08.19T14:49:43.593 .log4q.INFO
'2022.08.19T14:49:43.607 .log4q.INFO
'2022.08.19T14:49:44.597 type
'2022.08.19T14:49:45.602 .log4q.INFO
'2022.08.19T14:49:45.602 .log4q.INFO
'2022.08.19T14:49:46.598 type
'2022.08.19T14:49:46.598 .log4q.INFO
'2022.08.19T14:49:46.599 .log4q.INFO
'2022.08.19T14:49:48.598 type
'2022.08.19T14:49:50.598 type
'2022.08.19T14:49:52.598 type
'2022.08.19T14:49:54.598 type
'2022.08.19T14:49:56.598 type
'2022.08.19T14:49:58.598 type
'2022.08.19T14:50:00.598 type
'2022.08.19T14:50:02.598 type
'2022.08.19T14:50:04.598 type
'2022.08.19T14:50:06.598 type
'2022.08.19T14:50:08.598 type
'2022.08.19T14:50:10.598 type
'2022.08.19T14:50:12.598 type
'2022.08.19T14:50:14.598 type
'2022.08.19T14:50:16.598 type
'2022.08.19T14:50:18.598 type
'2022.08.19T14:50:20.598 type
'2022.08.19T14:50:22.598 type
'2022.08.19T14:50:24.598 type
'2022.08.19T14:50:26.598 type
'2022.08.19T14:50:28.598 type
'2022.08.19T14:50:30.598 type
'2022.08.19T14:50:32.598 type
'2022.08.19T14:50:34.598 type
'2022.08.19T14:52:30.466 yes
  [0]  yes 
       ^
'2022.08.19T14:52:30.466 .log4q.INFO
'2022.08.19T14:52:35.425 .log4q.INFO
'2022.08.19T14:52:35.430 .log4q.INFO
'2022.08.19T14:52:37.437 .log4q.INFO
'2022.08.19T14:52:37.438 .log4q.INFO
'2022.08.19T14:52:38.449 .log4q.INFO
'2022.08.19T14:52:38.450 .log4q.INFO
'2022.08.19T14:53:32.680 .log4q.INFO
'2022.08.19T14:53:52.728 .log4q.INFO
nohup: ignoring input
'2022.08.19T14:57:37.989 6800. OS reports: Address already in use
'2022.08.19T15:02:23.846 .log4q.INFO
'2022.08.19T15:02:23.847 type
'2022.08.19T15:02:25.296 .log4q.INFO
'2022.08.19T15:03:06.180 .log4q.INFO
'2022.08.19T15:03:06.181 type
'2022.08.19T15:03:08.183 type
'2022.08.19T15:03:10.183 type
'2022.08.19T15:03:12.183 type
'2022.08.19T15:03:12.748 .log4q.INFO
nohup: ignoring input
'2022.08.19T15:03:20.085 6800. OS reports: Address already in use
'2022.08.19T15:03:43.027 .log4q.INFO
'2022.08.19T15:03:48.647 .log4q.INFO
'2022.08.19T15:04:09.339 .log4q.INFO
'2022.08.19T15:04:09.339 type
'2022.08.19T15:04:11.342 type
'2022.08.19T15:04:13.342 type
'2022.08.19T15:04:15.341 type
'2022.08.19T15:04:17.342 type
'2022.08.19T15:04:19.342 type
'2022.08.19T15:04:21.342 type
'2022.08.19T15:04:23.341 type
'2022.08.19T15:04:25.341 type
'2022.08.19T15:04:27.341 type
'2022.08.19T15:04:29.341 type
'2022.08.19T15:04:31.342 type
'2022.08.19T15:04:33.341 type
'2022.08.19T15:04:35.341 type
'2022.08.19T15:04:37.341 type
'2022.08.19T15:04:39.341 type
'2022.08.19T15:04:41.341 type
'2022.08.19T15:04:43.341 type
'2022.08.19T15:04:45.341 type
'2022.08.19T15:04:47.341 type
'2022.08.19T15:04:49.342 type
'2022.08.19T15:04:51.341 type
'2022.08.19T15:04:51.758 .log4q.INFO
'2022.08.19T15:04:51.759 .log4q.INFO
'2022.08.19T15:04:53.341 type
'2022.08.19T15:04:55.341 type
'2022.08.19T15:04:57.342 type
'2022.08.19T15:04:59.341 type
'2022.08.19T15:05:01.341 type
'2022.08.19T15:05:03.341 type
'2022.08.19T15:05:05.341 type
'2022.08.19T15:05:07.341 type
'2022.08.19T15:05:09.341 type
'2022.08.19T15:05:11.341 type
'2022.08.19T15:05:13.341 type
'2022.08.19T15:05:15.341 type
'2022.08.19T15:05:17.341 type
'2022.08.19T15:05:19.341 type
'2022.08.19T15:05:21.341 type
'2022.08.19T15:05:23.341 type
'2022.08.19T15:05:25.341 type
'2022.08.19T15:05:27.341 type
'2022.08.19T15:05:29.341 type
'2022.08.19T15:05:29.527 .log4q.INFO
'2022.08.19T15:05:29.529 .log4q.INFO
'2022.08.19T15:05:31.342 type
'2022.08.19T15:05:33.342 type
'2022.08.19T15:05:35.341 type
'2022.08.19T15:05:37.342 type
'2022.08.19T15:05:39.341 type
'2022.08.19T15:05:41.341 type
'2022.08.19T15:05:43.004 .log4q.INFO
'2022.08.19T15:05:43.341 type
'2022.08.19T15:05:45.341 type
'2022.08.19T15:05:47.342 type
'2022.08.19T15:05:49.341 type
'2022.08.19T15:05:51.342 type
'2022.08.19T15:05:53.341 type
'2022.08.19T15:05:55.342 type
'2022.08.19T15:05:57.342 type
'2022.08.19T15:05:59.341 type
'2022.08.19T15:06:01.343 type
'2022.08.19T15:06:01.831 .log4q.INFO
'2022.08.19T15:06:03.341 type
'2022.08.19T15:06:05.341 type
'2022.08.19T15:06:07.342 type
'2022.08.19T15:06:09.342 type
'2022.08.19T15:06:11.341 type
'2022.08.19T15:06:13.342 type
'2022.08.19T15:06:15.342 type
'2022.08.19T15:06:17.342 type
'2022.08.19T15:06:19.342 type
'2022.08.19T15:06:21.342 type
'2022.08.19T15:06:23.341 type
'2022.08.19T15:06:25.342 type
'2022.08.19T15:06:27.341 type
'2022.08.19T15:06:29.342 type
'2022.08.19T15:06:31.341 type
'2022.08.19T15:06:33.341 type
'2022.08.19T15:06:35.342 type
'2022.08.19T15:06:37.342 type
'2022.08.19T15:06:39.341 type
'2022.08.19T15:06:41.341 type
'2022.08.19T15:06:43.341 type
'2022.08.19T15:06:45.341 type
'2022.08.19T15:06:47.341 type
'2022.08.19T15:06:49.341 type
'2022.08.19T15:06:51.341 type
'2022.08.19T15:06:53.342 type
'2022.08.19T15:06:55.341 type
'2022.08.19T15:06:57.341 type
'2022.08.19T15:06:59.342 type
'2022.08.19T15:07:01.342 type
'2022.08.19T15:07:03.342 type
'2022.08.19T15:07:05.342 type
'2022.08.19T15:07:07.341 type
'2022.08.19T15:07:09.341 type
'2022.08.19T15:07:11.341 type
'2022.08.19T15:07:13.341 type
'2022.08.19T15:07:15.341 type
'2022.08.19T15:07:17.342 type
'2022.08.19T15:07:19.341 type
'2022.08.19T15:07:21.341 type
'2022.08.19T15:07:23.341 type
'2022.08.19T15:07:25.342 type
'2022.08.19T15:07:27.342 type
'2022.08.19T15:07:29.341 type
'2022.08.19T15:07:31.341 type
'2022.08.19T15:07:33.342 type
'2022.08.19T15:07:35.341 type
'2022.08.19T15:07:37.342 type
'2022.08.19T15:07:39.341 type
'2022.08.19T15:07:41.342 type
'2022.08.19T15:07:43.341 type
'2022.08.19T15:07:45.341 type
'2022.08.19T15:07:47.341 type
'2022.08.19T15:07:49.341 type
'2022.08.19T15:07:51.341 type
'2022.08.19T15:07:53.341 type
'2022.08.19T15:07:55.342 type
'2022.08.19T15:07:57.341 type
'2022.08.19T15:07:59.341 type
'2022.08.19T15:08:01.341 type
'2022.08.19T15:08:03.342 type
'2022.08.19T15:08:05.341 type
'2022.08.19T15:08:07.341 type
'2022.08.19T15:08:09.341 type
'2022.08.19T15:08:11.342 type
'2022.08.19T15:08:13.341 type
'2022.08.19T15:08:15.342 type
'2022.08.19T15:08:17.341 type
'2022.08.19T15:08:19.341 type
'2022.08.19T15:08:21.341 type
'2022.08.19T15:08:23.341 type
'2022.08.19T15:08:25.342 type
'2022.08.19T15:08:27.341 type
'2022.08.19T15:08:29.341 type
'2022.08.19T15:08:31.342 type
'2022.08.19T15:08:33.342 type
'2022.08.19T15:08:35.342 type
'2022.08.19T15:08:37.342 type
'2022.08.19T15:08:39.341 type
'2022.08.19T15:08:41.341 type
'2022.08.19T15:08:43.342 type
'2022.08.19T15:08:45.341 type
'2022.08.19T15:08:47.341 type
'2022.08.19T15:08:49.341 type
'2022.08.19T15:08:51.341 type
'2022.08.19T15:08:53.341 type
'2022.08.19T15:08:55.341 type
'2022.08.19T15:08:57.342 type
'2022.08.19T15:08:59.341 type
'2022.08.19T15:09:01.341 type
'2022.08.19T15:09:03.341 type
'2022.08.19T15:09:05.342 type
'2022.08.19T15:09:07.342 type
'2022.08.19T15:09:09.341 type
'2022.08.19T15:09:11.341 type
'2022.08.19T15:09:13.341 type
'2022.08.19T15:09:15.341 type
'2022.08.19T15:09:17.341 type
'2022.08.19T15:09:19.341 type
'2022.08.19T15:09:21.341 type
'2022.08.19T15:09:23.341 type
'2022.08.19T15:09:25.341 type
'2022.08.19T15:09:27.341 type
'2022.08.19T15:09:29.341 type
'2022.08.19T15:09:31.341 type
'2022.08.19T15:09:33.341 type
'2022.08.19T15:09:35.341 type
'2022.08.19T15:09:37.341 type
'2022.08.19T15:09:39.341 type
'2022.08.19T15:09:41.342 type
'2022.08.19T15:09:43.341 type
'2022.08.19T15:09:45.341 type
'2022.08.19T15:09:47.341 type
'2022.08.19T15:09:49.341 type
'2022.08.19T15:09:51.341 type
'2022.08.19T15:09:53.342 type
'2022.08.19T15:09:55.341 type
'2022.08.19T15:09:57.341 type
'2022.08.19T15:09:59.342 type
'2022.08.19T15:10:01.342 type
'2022.08.19T15:10:03.341 type
'2022.08.19T15:10:05.341 type
'2022.08.19T15:10:07.342 type
'2022.08.19T15:10:09.341 type
'2022.08.19T15:10:11.341 type
'2022.08.19T15:10:13.341 type
'2022.08.19T15:10:15.342 type
'2022.08.19T15:10:17.341 type
'2022.08.19T15:10:19.341 type
'2022.08.19T15:10:21.343 type
'2022.08.19T15:10:23.341 type
'2022.08.19T15:10:25.341 type
'2022.08.19T15:10:27.341 type
'2022.08.19T15:10:29.341 type
'2022.08.19T15:10:31.341 type
'2022.08.19T15:10:33.341 type
'2022.08.19T15:10:35.341 type
'2022.08.19T15:10:37.341 type
'2022.08.19T15:10:39.342 type
'2022.08.19T15:10:41.341 type
'2022.08.19T15:10:43.342 type
'2022.08.19T15:10:45.341 type
'2022.08.19T15:10:47.341 type
'2022.08.19T15:10:49.341 type
'2022.08.19T15:10:51.341 type
'2022.08.19T15:10:53.342 type
'2022.08.19T15:10:55.344 type
'2022.08.19T15:10:57.341 type
'2022.08.19T15:10:59.341 type
'2022.08.19T15:11:01.342 type
'2022.08.19T15:11:03.341 type
'2022.08.19T15:11:05.341 type
'2022.08.19T15:11:07.342 type
'2022.08.19T15:11:09.341 type
'2022.08.19T15:11:11.342 type
'2022.08.19T15:11:13.341 type
'2022.08.19T15:11:15.341 type
'2022.08.19T15:11:17.342 type
'2022.08.19T15:11:19.341 type
'2022.08.19T15:11:21.341 type
'2022.08.19T15:11:23.342 type
'2022.08.19T15:11:25.341 type
'2022.08.19T15:11:27.341 type
'2022.08.19T15:11:29.341 type
'2022.08.19T15:11:31.341 type
'2022.08.19T15:11:33.341 type
'2022.08.19T15:11:35.341 type
'2022.08.19T15:11:37.341 type
'2022.08.19T15:11:39.341 type
'2022.08.19T15:11:41.341 type
'2022.08.19T15:11:43.341 type
'2022.08.19T15:11:45.342 type
'2022.08.19T15:11:47.339 type
'2022.08.19T15:11:49.340 type
'2022.08.19T15:11:51.340 type
'2022.08.19T15:11:53.340 type
'2022.08.19T15:11:55.341 type
'2022.08.19T15:11:57.341 type
'2022.08.19T15:11:59.341 type
'2022.08.19T15:12:01.342 type
'2022.08.19T15:12:03.342 type
'2022.08.19T15:12:05.342 type
'2022.08.19T15:12:07.342 type
'2022.08.19T15:12:09.341 type
'2022.08.19T15:12:11.341 type
'2022.08.19T15:12:13.341 type
'2022.08.19T15:12:15.342 type
'2022.08.19T15:12:17.341 type
'2022.08.19T15:12:19.342 type
'2022.08.19T15:12:21.342 type
'2022.08.19T15:12:23.341 type
'2022.08.19T15:12:25.341 type
'2022.08.19T15:12:27.342 type
'2022.08.19T15:12:29.341 type
'2022.08.19T15:12:31.341 type
'2022.08.19T15:12:33.341 type
'2022.08.19T15:12:35.342 type
'2022.08.19T15:12:37.341 type
'2022.08.19T15:12:39.342 type
'2022.08.19T15:12:41.341 type
'2022.08.19T15:12:43.341 type
'2022.08.19T15:12:45.342 type
'2022.08.19T15:12:47.342 type
'2022.08.19T15:12:49.341 type
'2022.08.19T15:12:51.341 type
'2022.08.19T15:12:53.341 type
'2022.08.19T15:12:55.342 type
'2022.08.19T15:12:57.341 type
'2022.08.19T15:12:59.341 type
'2022.08.19T15:13:01.341 type
'2022.08.19T15:13:03.341 type
'2022.08.19T15:13:05.342 type
'2022.08.19T15:13:07.341 type
'2022.08.19T15:13:09.341 type
'2022.08.19T15:13:11.341 type
'2022.08.19T15:13:13.342 type
'2022.08.19T15:13:15.342 type
'2022.08.19T15:13:17.341 type
'2022.08.19T15:13:19.341 type
'2022.08.19T15:13:21.342 type
'2022.08.19T15:13:23.341 type
'2022.08.19T15:13:25.341 type
'2022.08.19T15:13:27.341 type
'2022.08.19T15:13:29.341 type
'2022.08.19T15:13:31.341 type
'2022.08.19T15:13:33.341 type
'2022.08.19T15:13:35.341 type
'2022.08.19T15:13:37.341 type
'2022.08.19T15:13:39.341 type
'2022.08.19T15:13:41.341 type
'2022.08.19T15:13:43.342 type
'2022.08.19T15:13:45.342 type
'2022.08.19T15:13:47.341 type
'2022.08.19T15:13:49.342 type
'2022.08.19T15:13:51.341 type
'2022.08.19T15:13:53.341 type
'2022.08.19T15:13:55.341 type
'2022.08.19T15:13:57.342 type
'2022.08.19T15:13:59.341 type
'2022.08.19T15:14:01.341 type
'2022.08.19T15:14:03.341 type
'2022.08.19T15:14:05.342 type
'2022.08.19T15:14:07.342 type
'2022.08.19T15:14:09.341 type
'2022.08.19T15:14:11.341 type
'2022.08.19T15:14:13.341 type
'2022.08.19T15:14:15.341 type
'2022.08.19T15:14:17.341 type
'2022.08.19T15:14:19.341 type
'2022.08.19T15:14:21.341 type
'2022.08.19T15:14:23.341 type
'2022.08.19T15:14:25.342 type
'2022.08.19T15:14:27.341 type
'2022.08.19T15:14:29.342 type
'2022.08.19T15:14:31.342 type
'2022.08.19T15:14:33.341 type
'2022.08.19T15:14:35.341 type
'2022.08.19T15:14:37.341 type
'2022.08.19T15:14:39.341 type
'2022.08.19T15:14:41.341 type
'2022.08.19T15:14:43.342 type
'2022.08.19T15:14:45.341 type
'2022.08.19T15:14:47.342 type
'2022.08.19T15:14:49.342 type
'2022.08.19T15:14:51.341 type
'2022.08.19T15:14:53.342 type
'2022.08.19T15:14:55.342 type
'2022.08.19T15:14:57.342 type
'2022.08.19T15:14:59.342 type
'2022.08.19T15:15:01.342 type
'2022.08.19T15:15:03.341 type
'2022.08.19T15:15:05.342 type
'2022.08.19T15:15:07.341 type
'2022.08.19T15:15:09.342 type
'2022.08.19T15:15:11.341 type
'2022.08.19T15:15:13.341 type
'2022.08.19T15:15:15.341 type
'2022.08.19T15:15:17.342 type
'2022.08.19T15:15:19.341 type
'2022.08.19T15:15:21.341 type
'2022.08.19T15:15:23.341 type
'2022.08.19T15:15:25.341 type
'2022.08.19T15:15:27.342 type
'2022.08.19T15:15:29.342 type
'2022.08.19T15:15:31.342 type
'2022.08.19T15:15:33.341 type
'2022.08.19T15:15:35.341 type
'2022.08.19T15:15:37.341 type
'2022.08.19T15:15:39.341 type
'2022.08.19T15:15:41.341 type
'2022.08.19T15:15:43.341 type
'2022.08.19T15:15:45.341 type
'2022.08.19T15:15:47.342 type
'2022.08.19T15:15:49.341 type
'2022.08.19T15:15:51.341 type
'2022.08.19T15:15:53.341 type
'2022.08.19T15:15:55.341 type
'2022.08.19T15:15:57.341 type
'2022.08.19T15:15:59.342 type
'2022.08.19T15:16:01.341 type
'2022.08.19T15:16:03.341 type
'2022.08.19T15:16:05.341 type
'2022.08.19T15:16:07.342 type
'2022.08.19T15:16:09.341 type
'2022.08.19T15:16:11.342 type
'2022.08.19T15:16:13.341 type
'2022.08.19T15:16:15.341 type
'2022.08.19T15:16:17.342 type
'2022.08.19T15:16:19.342 type
'2022.08.19T15:16:21.341 type
'2022.08.19T15:16:23.342 type
'2022.08.19T15:16:25.342 type
'2022.08.19T15:16:27.342 type
'2022.08.19T15:16:29.342 type
'2022.08.19T15:16:31.342 type
'2022.08.19T15:16:33.342 type
'2022.08.19T15:16:35.342 type
'2022.08.19T15:16:37.342 type
'2022.08.19T15:16:39.341 type
'2022.08.19T15:16:41.341 type
'2022.08.19T15:16:43.341 type
'2022.08.19T15:16:45.341 type
'2022.08.19T15:16:47.341 type
'2022.08.19T15:16:49.341 type
'2022.08.19T15:16:51.341 type
'2022.08.19T15:16:53.342 type
'2022.08.19T15:16:55.342 type
'2022.08.19T15:16:57.341 type
'2022.08.19T15:16:59.341 type
'2022.08.19T15:17:01.342 type
'2022.08.19T15:17:03.341 type
'2022.08.19T15:17:05.341 type
'2022.08.19T15:17:07.341 type
'2022.08.19T15:17:09.341 type
'2022.08.19T15:17:11.341 type
'2022.08.19T15:17:13.342 type
'2022.08.19T15:17:15.341 type
'2022.08.19T15:17:17.341 type
'2022.08.19T15:17:19.341 type
'2022.08.19T15:17:21.342 type
'2022.08.19T15:17:23.342 type
'2022.08.19T15:17:25.342 type
'2022.08.19T15:17:27.342 type
'2022.08.19T15:17:29.342 type
'2022.08.19T15:17:31.341 type
'2022.08.19T15:17:33.341 type
'2022.08.19T15:17:35.341 type
'2022.08.19T15:17:37.342 type
'2022.08.19T15:17:39.342 type
'2022.08.19T15:17:41.341 type
'2022.08.19T15:17:43.341 type
'2022.08.19T15:17:45.341 type
'2022.08.19T15:17:47.341 type
'2022.08.19T15:17:49.341 type
'2022.08.19T15:17:51.341 type
'2022.08.19T15:17:53.341 type
'2022.08.19T15:17:55.342 type
'2022.08.19T15:17:57.341 type
'2022.08.19T15:17:59.341 type
'2022.08.19T15:18:01.342 type
'2022.08.19T15:18:03.342 type
'2022.08.19T15:18:05.342 type
'2022.08.19T15:18:07.342 type
'2022.08.19T15:18:09.341 type
'2022.08.19T15:18:11.341 type
'2022.08.19T15:18:13.341 type
'2022.08.19T15:18:15.342 type
'2022.08.19T15:18:17.341 type
'2022.08.19T15:18:19.341 type
'2022.08.19T15:18:21.341 type
'2022.08.19T15:18:23.341 type
'2022.08.19T15:18:25.341 type
'2022.08.19T15:18:27.342 type
'2022.08.19T15:18:29.341 type
'2022.08.19T15:18:31.342 type
'2022.08.19T15:18:33.341 type
'2022.08.19T15:18:35.342 type
'2022.08.19T15:18:37.341 type
'2022.08.19T15:18:39.341 type
'2022.08.19T15:18:39.364 .log4q.INFO
'2022.08.19T15:33:03.760 6800. OS reports: Address already in use
'2022.08.19T16:29:56.993 .log4q.INFO
'2022.08.19T17:21:32.899 6800. OS reports: Address already in use
'2022.08.19T17:27:16.440 6800. OS reports: Address already in use
'2022.08.19T17:34:11.087 .log4q.INFO
'2022.08.19T17:34:46.982 .log4q.INFO
'2022.08.19T17:41:07.472 6800. OS reports: Address already in use
'2022.08.19T18:02:18.148 yes
  [0]  yes 
       ^
'2022.08.19T18:02:18.148 .log4q.INFO
'2022.08.19T18:02:20.169 .log4q.INFO
'2022.08.19T18:02:23.130 .log4q.INFO
'2022.08.19T18:02:26.134 .log4q.INFO
'2022.08.19T18:02:40.459 .log4q.INFO
'2022.08.19T18:02:40.523 .log4q.INFO
'2022.08.19T18:03:12.925 .log4q.INFO
'2022.08.19T18:03:12.926 .log4q.INFO
'2022.08.19T18:05:15.556 yes
  [0]  yes 
       ^
'2022.08.19T18:05:15.556 .log4q.INFO
